<?xml version="1.0" encoding="UTF-8"?>
<!-- Generated by org.testng.reporters.JUnitReportReporter -->
<testsuite hostname="Shizi" failures="0" tests="7" name="com.poly.testcase.SignUpTest" time="6.028" errors="0" timestamp="2023-04-17T15:51:34 ICT" skipped="0">
  <testcase classname="com.poly.testcase.SignUpTest" name="signupWithEmptyField" time="0.529"/>
  <system-out/>
  <testcase classname="com.poly.testcase.SignUpTest" name="signupWithEmptyUsername" time="0.439"/>
  <system-out/>
  <testcase classname="com.poly.testcase.SignUpTest" name="signupWithEmptyPassword" time="0.421"/>
  <system-out/>
  <testcase classname="com.poly.testcase.SignUpTest" name="signupWithEmptyConfirmPassword" time="0.416"/>
  <system-out/>
  <testcase classname="com.poly.testcase.SignUpTest" name="signupWithEmptyConfirmPasswordNotSame" time="0.396"/>
  <system-out/>
  <testcase classname="com.poly.testcase.SignUpTest" name="signupWithExistsUsername" time="2.392"/>
  <system-out/>
  <testcase classname="com.poly.testcase.SignUpTest" name="signupSuccess" time="1.435"/>
  <system-out/>
</testsuite> <!-- com.poly.testcase.SignUpTest -->
