<?xml version="1.0" encoding="UTF-8"?>
<!-- Generated by org.testng.reporters.JUnitReportReporter -->
<testsuite hostname="Shizi" failures="0" tests="6" name="com.poly.testcase.SignInTest" time="10.903" errors="0" timestamp="2023-04-17T15:48:27 ICT" skipped="0">
  <testcase classname="com.poly.testcase.SignInTest" name="loginWithEmptyField" time="0.384"/>
  <system-out/>
  <testcase classname="com.poly.testcase.SignInTest" name="loginWithEmptyUsername" time="0.303"/>
  <system-out/>
  <testcase classname="com.poly.testcase.SignInTest" name="loginWithEmptyPassword" time="0.281"/>
  <system-out/>
  <testcase classname="com.poly.testcase.SignInTest" name="loginWithNotExistsAccount" time="3.308"/>
  <system-out/>
  <testcase classname="com.poly.testcase.SignInTest" name="loginWithErrorPassword" time="3.326"/>
  <system-out/>
  <testcase classname="com.poly.testcase.SignInTest" name="loginSuccess" time="3.301"/>
  <system-out/>
</testsuite> <!-- com.poly.testcase.SignInTest -->
